<?xml version="1.0" encoding="UTF-8"?>
<!-- Generated by org.testng.reporters.JUnitReportReporter -->
<testsuite skipped="0" hostname="ADMIN-PC" name="com.qa.testclass.TC_LoginTest_Again" tests="1" failures="0" timestamp="2020-05-10T23:36:36 IST" time="11.570" errors="0">
  <testcase name="LoiginTestClass" time="11.570" classname="com.qa.testclass.TC_LoginTest_Again"/>
</testsuite> <!-- com.qa.testclass.TC_LoginTest_Again -->
